# JRE version: OpenJDK Runtime Environment Temurin-21.0.6+7 (21.0.6+7) (build 21.0.6+7-LTS)
# Java VM: OpenJDK 64-Bit Server VM Temurin-21.0.6+7 (21.0.6+7-LTS, mixed mode, sharing, tiered, compressed oops, compressed class ptrs, g1 gc, windows-amd64)
GC Precious Log:
 CardTable entry size: 512
 Card Set container configuration: InlinePtr #cards 5 size 8 Array Of Cards #cards 12 size 40 Howl #buckets 4 coarsen threshold 1843 Howl Bitmap #cards 512 size 80 coarsen threshold 460 Card regions per heap region 1 cards per card region 2048
 CPUs: 8 total, 8 available
 Memory: 8066M
 Large Page Support: Disabled
 NUMA Support: Disabled
 Compressed Oops: Enabled (32-bit)
 Heap Region Size: 1M
 Heap Min Capacity: 8M
 Heap Initial Capacity: 128M
 Heap Max Capacity: 2018M
 Pre-touch: Disabled
 Parallel Workers: 8
 Concurrent Workers: 2
 Concurrent Refinement Workers: 8
 Periodic GC: Disabled
Heap:
 garbage-first heap   total 70656K, used 49108K [0x0000000081e00000, 0x0000000100000000)
  region size 1024K, 33 young (33792K), 1 survivors (1024K)
 Metaspace       used 21009K, committed 21312K, reserved 1114112K
  class space    used 2436K, committed 2560K, reserved 1048576K
GC Heap History (20 events):
Event: 9997.926 GC heap before
{Heap before GC invocations=62 (full 2):
 garbage-first heap   total 70656K, used 58226K [0x0000000081e00000, 0x0000000100000000)
  region size 1024K, 41 young (41984K), 1 survivors (1024K)
 Metaspace       used 20958K, committed 21248K, reserved 1114112K
  class space    used 2433K, committed 2560K, reserved 1048576K
}
Event: 9997.930 GC heap after
{Heap after GC invocations=63 (full 2):
 garbage-first heap   total 70656K, used 17292K [0x0000000081e00000, 0x0000000100000000)
  region size 1024K, 1 young (1024K), 1 survivors (1024K)
 Metaspace       used 20958K, committed 21248K, reserved 1114112K
  class space    used 2433K, committed 2560K, reserved 1048576K
}
Event: 10062.184 GC heap before
{Heap before GC invocations=63 (full 2):
 garbage-first heap   total 70656K, used 58252K [0x0000000081e00000, 0x0000000100000000)
  region size 1024K, 41 young (41984K), 1 survivors (1024K)
 Metaspace       used 20962K, committed 21248K, reserved 1114112K
  class space    used 2433K, committed 2560K, reserved 1048576K
}
Event: 10062.203 GC heap after
{Heap after GC invocations=64 (full 2):
 garbage-first heap   total 70656K, used 17257K [0x0000000081e00000, 0x0000000100000000)
  region size 1024K, 1 young (1024K), 1 survivors (1024K)
 Metaspace       used 20962K, committed 21248K, reserved 1114112K
  class space    used 2433K, committed 2560K, reserved 1048576K
}
Event: 10115.373 GC heap before
{Heap before GC invocations=64 (full 2):
 garbage-first heap   total 70656K, used 58217K [0x0000000081e00000, 0x0000000100000000)
  region size 1024K, 41 young (41984K), 1 survivors (1024K)
 Metaspace       used 20962K, committed 21248K, reserved 1114112K
  class space    used 2433K, committed 2560K, reserved 1048576K
}
Event: 10115.375 GC heap after
{Heap after GC invocations=65 (full 2):
 garbage-first heap   total 70656K, used 17308K [0x0000000081e00000, 0x0000000100000000)
  region size 1024K, 1 young (1024K), 1 survivors (1024K)
 Metaspace       used 20962K, committed 21248K, reserved 1114112K
  class space    used 2433K, committed 2560K, reserved 1048576K
}
Event: 10160.611 GC heap before
{Heap before GC invocations=65 (full 2):
 garbage-first heap   total 70656K, used 58268K [0x0000000081e00000, 0x0000000100000000)
  region size 1024K, 41 young (41984K), 1 survivors (1024K)
 Metaspace       used 20968K, committed 21248K, reserved 1114112K
  class space    used 2433K, committed 2560K, reserved 1048576K
}
Event: 10160.615 GC heap after
{Heap after GC invocations=66 (full 2):
 garbage-first heap   total 70656K, used 17337K [0x0000000081e00000, 0x0000000100000000)
  region size 1024K, 1 young (1024K), 1 survivors (1024K)
 Metaspace       used 20968K, committed 21248K, reserved 1114112K
  class space    used 2433K, committed 2560K, reserved 1048576K
}
Event: 10307.253 GC heap before
{Heap before GC invocations=66 (full 2):
 garbage-first heap   total 70656K, used 58297K [0x0000000081e00000, 0x0000000100000000)
  region size 1024K, 41 young (41984K), 1 survivors (1024K)
 Metaspace       used 20977K, committed 21248K, reserved 1114112K
  class space    used 2433K, committed 2560K, reserved 1048576K
}
Event: 10307.254 GC heap after
{Heap after GC invocations=67 (full 2):
 garbage-first heap   total 70656K, used 17318K [0x0000000081e00000, 0x0000000100000000)
  region size 1024K, 1 young (1024K), 1 survivors (1024K)
 Metaspace       used 20977K, committed 21248K, reserved 1114112K
  class space    used 2433K, committed 2560K, reserved 1048576K
}
Event: 10376.266 GC heap before
{Heap before GC invocations=67 (full 2):
 garbage-first heap   total 70656K, used 58278K [0x0000000081e00000, 0x0000000100000000)
  region size 1024K, 41 young (41984K), 1 survivors (1024K)
 Metaspace       used 20978K, committed 21248K, reserved 1114112K
  class space    used 2433K, committed 2560K, reserved 1048576K
}
Event: 10376.268 GC heap after
{Heap after GC invocations=68 (full 2):
 garbage-first heap   total 70656K, used 17363K [0x0000000081e00000, 0x0000000100000000)
  region size 1024K, 1 young (1024K), 1 survivors (1024K)
 Metaspace       used 20978K, committed 21248K, reserved 1114112K
  class space    used 2433K, committed 2560K, reserved 1048576K
}
Event: 10397.540 GC heap before
{Heap before GC invocations=68 (full 2):
 garbage-first heap   total 70656K, used 58323K [0x0000000081e00000, 0x0000000100000000)
  region size 1024K, 41 young (41984K), 1 survivors (1024K)
 Metaspace       used 20978K, committed 21248K, reserved 1114112K
  class space    used 2433K, committed 2560K, reserved 1048576K
}
Event: 10397.545 GC heap after
{Heap after GC invocations=69 (full 2):
 garbage-first heap   total 70656K, used 17334K [0x0000000081e00000, 0x0000000100000000)
  region size 1024K, 1 young (1024K), 1 survivors (1024K)
 Metaspace       used 20978K, committed 21248K, reserved 1114112K
  class space    used 2433K, committed 2560K, reserved 1048576K
}
Event: 10549.712 GC heap before
{Heap before GC invocations=69 (full 2):
 garbage-first heap   total 70656K, used 58294K [0x0000000081e00000, 0x0000000100000000)
  region size 1024K, 41 young (41984K), 1 survivors (1024K)
 Metaspace       used 20982K, committed 21248K, reserved 1114112K
  class space    used 2433K, committed 2560K, reserved 1048576K
}
Event: 10549.714 GC heap after
{Heap after GC invocations=70 (full 2):
 garbage-first heap   total 70656K, used 17378K [0x0000000081e00000, 0x0000000100000000)
  region size 1024K, 1 young (1024K), 1 survivors (1024K)
 Metaspace       used 20982K, committed 21248K, reserved 1114112K
  class space    used 2433K, committed 2560K, reserved 1048576K
}
Event: 10653.664 GC heap before
{Heap before GC invocations=70 (full 2):
 garbage-first heap   total 70656K, used 58338K [0x0000000081e00000, 0x0000000100000000)
  region size 1024K, 41 young (41984K), 1 survivors (1024K)
 Metaspace       used 20982K, committed 21248K, reserved 1114112K
  class space    used 2433K, committed 2560K, reserved 1048576K
}
Event: 10653.665 GC heap after
{Heap after GC invocations=71 (full 2):
 garbage-first heap   total 70656K, used 17383K [0x0000000081e00000, 0x0000000100000000)
  region size 1024K, 1 young (1024K), 1 survivors (1024K)
 Metaspace       used 20982K, committed 21248K, reserved 1114112K
  class space    used 2433K, committed 2560K, reserved 1048576K
}
Event: 11201.696 GC heap before
{Heap before GC invocations=71 (full 2):
 garbage-first heap   total 70656K, used 58343K [0x0000000081e00000, 0x0000000100000000)
  region size 1024K, 41 young (41984K), 1 survivors (1024K)
 Metaspace       used 20994K, committed 21312K, reserved 1114112K
  class space    used 2434K, committed 2560K, reserved 1048576K
}
Event: 11201.698 GC heap after
{Heap after GC invocations=72 (full 2):
 garbage-first heap   total 70656K, used 17364K [0x0000000081e00000, 0x0000000100000000)
  region size 1024K, 1 young (1024K), 1 survivors (1024K)
 Metaspace       used 20994K, committed 21312K, reserved 1114112K
  class space    used 2434K, committed 2560K, reserved 1048576K
}

